Accuracy (%): 64.22693508874097
Accuracy (%): 64.394596675496
Clustered Classification:
-- w/ 2 clusters
---- train accuracy: 62.47535986828932
---- test accuracy: 62.797693657558284
-- w/ 3 clusters
---- train accuracy: 69.05772239453243
---- test accuracy: 69.14310536469446
-- w/ 4 clusters
---- train accuracy: 76.23711340206185
---- test accuracy: 78.27569410618607
-- w/ 5 clusters
---- train accuracy: 63.71441760270811
---- test accuracy: 64.05905557489268
-- w/ 6 clusters
---- train accuracy: 60.43270151254069
---- test accuracy: 60.93907006485795
-- w/ 7 clusters
---- train accuracy: 63.167114187522365
---- test accuracy: 63.54799167593148
-- w/ 8 clusters
---- train accuracy: 3.562259306803594
---- test accuracy: 3.42047343125365
-- w/ 9 clusters
---- train accuracy: 65.44104732696543
---- test accuracy: 65.6320090343021
-- w/ 10 clusters
---- train accuracy: 78.5183585313175
---- test accuracy: 78.76357233688739
-- w/ 11 clusters
---- train accuracy: 61.45671471181841
---- test accuracy: 61.409551010122215
-- w/ 12 clusters
---- train accuracy: 93.77990430622008
---- test accuracy: 93.41692789968648
-- w/ 13 clusters
---- train accuracy: 78.5183585313175
---- test accuracy: 78.76357233688739
-- w/ 14 clusters
---- train accuracy: 3.4210526315789473
---- test accuracy: 2.5477707006369426
-- w/ 15 clusters
---- train accuracy: 72.8898644391602
---- test accuracy: 73.31212277172132
-- w/ 16 clusters
---- train accuracy: 1.187104401152624
---- test accuracy: 1.2730165946806091

